<?xml version="1.0" encoding="UTF-8"?>
<!-- Generated by org.testng.reporters.JUnitReportReporter -->
<testsuite skipped="0" hostname="Balaraj-PC" name="MyRunner.TestRunner" tests="1" failures="0" timestamp="28 Mar 2020 20:41:49 GMT" time="57.550" errors="0">
  <testcase name="feature" time="57.550" classname="MyRunner.TestRunner"/>
</testsuite> <!-- MyRunner.TestRunner -->
